particle flag_smoke_fx {
	{
		count				30
		material			textures/particles/smokepuff
		time				1.25
		cycles				0.000
		bunching			1.000
		distribution		sphere 5.000 5.000 5.000 
		direction			cone "1.000" 
		orientation			view 
		speed				 "0.000"  to "5.000"
		size				 "3.000"  to "23.000"
		aspect				 "1.000" 
		randomDistribution				1
		boundsExpansion				0.000
		fadeIn				0.500
		fadeOut				0.750
		fadeIndex				0.000
		color 				0.25 0.25 0.25 0.2500
		fadeColor 			0.110 0.110 0.110 0.010
		offset 				0.000 0.000 0.000
		gravity 			1.000
	}
}

/*
	Generated by the Particle Editor.
	To use the particle editor, launch the game and type 'editParticles' on the console.
*/
particle red_flag_smoke_fx {
	{
		count				30
		material			textures/particles/smokepuff
		time				1.450
		cycles				0.000
		bunching			1.000
		distribution		sphere 5.000 5.000 5.000 
		direction			cone "1.000" 
		orientation			view 
		speed				 "0.000"  to "5.000"
		size				 "3.000"  to "23.000"
		aspect				 "1.000" 
		randomDistribution				1
		boundsExpansion				0.000
		fadeIn				0.500
		fadeOut				0.750
		fadeIndex				0.000
		color 				0.780 0.190 0.190 1.000
		fadeColor 			0.000 0.000 0.000 1.000
		offset 				0.000 0.000 0.000
		gravity 			world 1.000
	}
}

/*
	Generated by the Particle Editor.
	To use the particle editor, launch the game and type 'editParticles' on the console.
*/
particle blue_flag_smoke_fx {
	{
		count				30
		material			textures/particles/smokepuff
		time				1.450
		cycles				0.000
		bunching			1.000
		distribution		sphere 5.000 5.000 5.000 
		direction			cone "1.000" 
		orientation			view 
		speed				 "0.000"  to "5.000"
		size				 "3.000"  to "23.000"
		aspect				 "1.000" 
		randomDistribution				1
		boundsExpansion				0.000
		fadeIn				0.500
		fadeOut				0.750
		fadeIndex				0.000
		color 				0.192 0.192 0.784 1.000
		fadeColor 			0.000 0.000 0.000 1.000
		offset 				0.000 0.000 0.000
		gravity 			world 1.000
	}
}