

/*
	Generated by the Particle Editor.
	To use the particle editor, launch the game and type 'editParticles' on the console.
*/
particle toxin_splash {
	{
		count				2
		material			textures/particles/smokepuff
		time				2.000
		cycles				0.000
		bunching			0.050
		distribution		rect 0.000 0.000 20.000 
		direction			cone "0.000" 
		orientation			view 
		speed				 "0.000" 
		size				 "56.500"  to "128.000"
		aspect				 "1.000" 
		angle				180.000
		randomDistribution				1
		boundsExpansion				0.000
		fadeIn				0.000
		fadeOut				1.000
		fadeIndex				0.000
		color 				0.000 1.000 0.000 1.000
		fadeColor 			0.000 0.000 0.000 1.000
		offset 				0.000 0.000 5.000
		gravity 			12.000
	}
	{
		count				1
		material			textures/particles/droppuddle
		time				2.000
		cycles				0.000
		bunching			1.000
		distribution		rect 0.000 0.000 0.000 
		direction			cone "0.000" 
		orientation			z 
		speed				 "0.000" 
		size				 "62.000"  to "89.500"
		aspect				 "1.000" 
		randomDistribution				1
		boundsExpansion				0.000
		fadeIn				0.100
		fadeOut				0.250
		fadeIndex				0.000
		color 				0.090 1.000 0.010 1.000
		fadeColor 			0.000 0.000 0.000 0.000
		offset 				0.000 0.000 0.000
		gravity 			1.000
	}
}

/*
	Generated by the Particle Editor.
	To use the particle editor, launch the game and type 'editParticles' on the console.
*/
particle toxin_splash_small {
	{
		count				5
		material			textures/particles/smokepuff
		time				1.250
		cycles				0.000
		bunching			0.000
		distribution		rect 0.000 0.000 0.000 
		direction			cone "0.000" 
		orientation			view 
		speed				 "0.000" 
		size				 "6.500"  to "7.500"
		aspect				 "8.000"  to "0.000"
		angle				180.000
		randomDistribution				1
		boundsExpansion				0.000
		fadeIn				0.100
		fadeOut				0.400
		fadeIndex				0.000
		color 				0.000 1.000 0.000 1.000
		fadeColor 			0.000 0.000 0.000 0.000
		offset 				0.000 0.000 0.000
		gravity 			0.000
	}
	{
		count				1
		material			textures/particles/droppuddle
		time				1.250
		cycles				0.000
		bunching			1.000
		distribution		rect 0.000 0.000 0.000 
		direction			cone "0.000" 
		orientation			z 
		speed				 "0.000" 
		size				 "19.000"  to "37.500"
		aspect				 "1.000" 
		randomDistribution				1
		boundsExpansion				0.000
		fadeIn				0.100
		fadeOut				1.000
		fadeIndex				0.000
		color 				0.020 1.000 0.000 1.000
		fadeColor 			0.000 0.000 0.000 0.000
		offset 				0.000 0.000 0.000
		gravity 			1.000
	}
}

/*
	Generated by the Particle Editor.
	To use the particle editor, launch the game and type 'editParticles' on the console.
*/
particle toxin_splash_large {
	{
		count				3
		material			textures/particles/smokepuff
		time				3.000
		cycles				0.000
		bunching			0.000
		distribution		rect 8.000 8.000 30.000 
		direction			cone "0.000" 
		orientation			view 
		speed				 "0.000" 
		size				 "79.500"  to "108.000"
		aspect				 "2.500"  to "1.000"
		angle				180.000
		randomDistribution				1
		boundsExpansion				0.000
		fadeIn				0.100
		fadeOut				1.000
		fadeIndex				0.400
		color 				0.000 1.000 0.000 1.000
		fadeColor 			0.000 0.000 0.000 0.000
		offset 				0.000 0.000 20.000
		gravity 			1.000
	}
	{
		count				1
		material			textures/particles/droppuddle
		time				3.000
		cycles				0.000
		bunching			1.000
		distribution		rect 0.000 0.000 0.000 
		direction			cone "0.000" 
		orientation			z 
		speed				 "9.000"  to "0.000"
		size				 "66.000"  to "125.500"
		aspect				 "1.000" 
		randomDistribution				1
		boundsExpansion				0.000
		fadeIn				0.000
		fadeOut				1.000
		fadeIndex				0.000
		color 				0.020 1.000 0.000 1.000
		fadeColor 			0.000 0.000 0.000 0.000
		offset 				0.000 0.000 0.000
		gravity 			1.000
	}
}

/*
	Generated by the Particle Editor.
	To use the particle editor, launch the game and type 'editParticles' on the console.
*/
particle toxin_waves {
	{
		count				1
		material			textures/particles/droppuddle
		time				1.950
		cycles				1.000
		bunching			1.000
		distribution		sphere 0.000 0.000 0.000 
		direction			cone "0.000" 
		orientation			z 
		speed				 "0.000" 
		size				 "4.000"  to "36.500"
		aspect				 "1.000" 
		rotation				 "35.000"  to "16.000"
		randomDistribution				1
		boundsExpansion				0.000
		fadeIn				0.100
		fadeOut				0.250
		fadeIndex				0.000
		color 				0.090 1.000 0.010 1.000
		fadeColor 			0.000 0.000 0.000 1.000
		offset 				0.000 0.000 0.000
		gravity 			0.000
	}
}